============================= test session starts ==============================
platform darwin -- Python 3.12.13, pytest-9.1.1, pluggy-1.6.0 -- /Users/pchordia/Downloads/swarm-ai-fable-v17/.venv/bin/python
rootdir: /Users/pchordia/Downloads/swarm-ai-fable-v17
configfile: pyproject.toml
plugins: logfire-5.1.0, asyncio-1.4.0, anyio-4.15.1
asyncio: mode=Mode.AUTO, debug=False, asyncio_default_fixture_loop_scope=function, asyncio_default_test_loop_scope=function
collecting ... collected 16 items

tests/integration/db/test_effect_transactions.py::test_reservation_visible_to_second_process_before_execute PASSED [  6%]
tests/integration/db/test_effect_transactions.py::test_one_shot_approval_two_effect_keys_single_consume PASSED [ 12%]
tests/integration/db/test_effect_transactions.py::test_retry_of_same_effect_does_not_consume_approval_twice PASSED [ 18%]
tests/integration/db/test_effect_transactions.py::test_retry_after_revocation_or_expiry_is_denied[revoked] PASSED [ 25%]
tests/integration/db/test_effect_transactions.py::test_retry_after_revocation_or_expiry_is_denied[expired] PASSED [ 31%]
tests/integration/db/test_effect_transactions.py::test_denied_request_leaves_no_effect_row PASSED [ 37%]
tests/integration/db/test_effect_transactions.py::test_replay_of_succeeded_effect_works_after_approval_expiry PASSED [ 43%]
tests/integration/db/test_effect_transactions.py::test_finalize_state_conflict_when_not_executing PASSED [ 50%]
tests/integration/db/test_effect_transactions.py::test_fence_reader_mismatch_blocks_execution_and_adapter_not_called PASSED [ 56%]
tests/integration/db/test_effect_reservation_atomic.py::test_concurrent_reserve_same_key_one_row PASSED [ 62%]
tests/integration/db/test_effect_reservation_atomic.py::test_concurrent_mark_executing_single_winner PASSED [ 68%]
tests/integration/db/test_effect_reservation_atomic.py::test_reserve_binding_mismatch_payload PASSED [ 75%]
tests/integration/db/test_effect_reservation_atomic.py::test_reserve_binding_mismatch_destination PASSED [ 81%]
tests/integration/db/test_effect_reservation_atomic.py::test_reserve_binding_mismatch_operation PASSED [ 87%]
tests/integration/db/test_effect_reservation_atomic.py::test_failed_without_not_applied_reason_is_terminal PASSED [ 93%]
tests/integration/db/test_effect_reservation_atomic.py::test_project_b_same_effect_key_is_independent PASSED [100%]

============================== 16 passed in 0.90s ==============================
