============================= test session starts ==============================
platform darwin -- Python 3.12.13, pytest-9.1.1, pluggy-1.6.0 -- /Users/pchordia/Downloads/swarm-ai-fable-v17/.venv/bin/python
rootdir: /Users/pchordia/Downloads/swarm-ai-fable-v17
configfile: pyproject.toml
plugins: logfire-5.1.0, asyncio-1.4.0, anyio-4.15.1
asyncio: mode=Mode.AUTO, debug=False, asyncio_default_fixture_loop_scope=function, asyncio_default_test_loop_scope=function
collecting ... collected 6 items

tests/integration/db/test_approval_integrity.py::test_put_approval_twice_rejected_and_row_unchanged PASSED [ 16%]
tests/integration/db/test_approval_integrity.py::test_put_cannot_reset_used_count PASSED [ 33%]
tests/integration/db/test_approval_integrity.py::test_revocation_is_monotonic_and_blocks_execution PASSED [ 50%]
tests/integration/db/test_approval_integrity.py::test_revoke_wrong_project_returns_false_and_leaves_grant_active PASSED [ 66%]
tests/integration/db/test_approval_integrity.py::test_legacy_null_binding_row_is_non_operational PASSED [ 83%]
tests/integration/db/test_approval_integrity.py::test_project_b_cannot_fetch_project_a_approval PASSED [100%]

============================== 6 passed in 0.32s ===============================
